Jan 25 17:37:47 host=smtp.sendgrid.net tls=on auth=on user=inewswire from="Newswire Notifications" <notification@newswire.com> recipients=theskrypt@gmail.com mailsize=2426 smtpstatus=250 smtpmsg='250 Ok: queued as D4PlnsUSQJ6BA9QyhX0ntQ' exitcode=EX_OK
Jan 25 17:38:20 host=smtp.sendgrid.net tls=on auth=on user=inewswire from="Newswire Notifications" <notification@newswire.com> recipients=theskrypt@gmail.com mailsize=2422 smtpstatus=250 smtpmsg='250 Ok: queued as cQPIzUQFRpa4qRnboU-dWw' exitcode=EX_OK
Jan 25 18:06:10 host=smtp.sendgrid.net tls=on auth=on user=inewswire from="Newswire Notifications" <notification@newswire.com> recipients=theskrypt@gmail.com mailsize=5401 smtpstatus=250 smtpmsg='250 Ok: queued as hS68i6MbSxmM5gw-8ShFaw' exitcode=EX_OK
Jan 25 18:06:11 host=smtp.sendgrid.net tls=on auth=on user=inewswire from="Newswire Notifications" <notification@newswire.com> recipients=theskrypt@gmail.com mailsize=5401 smtpstatus=250 smtpmsg='250 Ok: queued as EkkPQu4lTdGuXEhRaglzqw' exitcode=EX_OK
Jan 25 18:06:11 host=smtp.sendgrid.net tls=on auth=on user=inewswire from="Newswire Notifications" <notification@newswire.com> recipients=theskrypt@gmail.com mailsize=5401 smtpstatus=250 smtpmsg='250 Ok: queued as heqZNAcsRCOxFfCxFns4gQ' exitcode=EX_OK
Jan 25 18:06:11 host=smtp.sendgrid.net tls=on auth=on user=inewswire from="Newswire Notifications" <notification@newswire.com> recipients=theskrypt@gmail.com mailsize=5401 smtpstatus=250 smtpmsg='250 Ok: queued as Twg1LE1YRuaOw2n5WRWYnQ' exitcode=EX_OK
Jan 25 18:06:12 host=smtp.sendgrid.net tls=on auth=on user=inewswire from="Newswire Notifications" <notification@newswire.com> recipients=theskrypt@gmail.com mailsize=5401 smtpstatus=250 smtpmsg='250 Ok: queued as yPbDuCejRDOahNgLvGEWWQ' exitcode=EX_OK
Jan 25 18:06:12 host=smtp.sendgrid.net tls=on auth=on user=inewswire from="Newswire Notifications" <notification@newswire.com> recipients=theskrypt@gmail.com mailsize=5401 smtpstatus=250 smtpmsg='250 Ok: queued as TWMmkvRgTw2yvUVD4SCihQ' exitcode=EX_OK
Jan 27 13:32:36 host=smtp.sendgrid.net tls=on auth=on user=inewswire from="Newswire Notifications" <notification@newswire.com> recipients=theskrypt@gmail.com mailsize=4579 smtpstatus=250 smtpmsg='250 Ok: queued as MrfFMct2R5OujMk1dExazA' exitcode=EX_OK
Feb 01 16:20:45 host=smtp.sendgrid.net tls=on auth=on user=inewswire from="Newswire Notifications" <notification@newswire.com> recipients=theskrypt@gmail.com mailsize=4579 smtpstatus=250 smtpmsg='250 Ok: queued as v3PMPhgiTQCI-jftimCVUQ' exitcode=EX_OK
Feb 01 16:24:42 host=smtp.sendgrid.net tls=on auth=on user=inewswire from="Newswire Notifications" <notification@newswire.com> recipients=theskrypt@gmail.com mailsize=4579 smtpstatus=250 smtpmsg='250 Ok: queued as lGPx1y-PT_-OQlZLSTQpfQ' exitcode=EX_OK
Feb 01 16:40:35 host=smtp.sendgrid.net tls=on auth=on user=inewswire from="Newswire Notifications" <notification@newswire.com> recipients=theskrypt@gmail.com mailsize=4579 smtpstatus=250 smtpmsg='250 Ok: queued as wGeMoXWPRjang0nwKyvixw' exitcode=EX_OK
Feb 01 17:13:25 host=smtp.sendgrid.net tls=on auth=on user=inewswire from="Newswire Notifications" <notification@newswire.com> recipients=theskrypt@gmail.com mailsize=4579 smtpstatus=250 smtpmsg='250 Ok: queued as W9E3ubgAR6yvYIDnQz8Bgg' exitcode=EX_OK
Feb 01 17:14:25 host=smtp.sendgrid.net tls=on auth=on user=inewswire from="Newswire Notifications" <notification@newswire.com> recipients=theskrypt@gmail.com mailsize=4579 smtpstatus=250 smtpmsg='250 Ok: queued as C0BJ6nAlRi-G8bHqUxdXsw' exitcode=EX_OK
Feb 01 17:18:18 host=smtp.sendgrid.net tls=on auth=on user=inewswire from="Newswire Notifications" <notification@newswire.com> recipients=theskrypt@gmail.com mailsize=4579 smtpstatus=250 smtpmsg='250 Ok: queued as I1d-UficRdqjRwRxJcbPNw' exitcode=EX_OK
Feb 01 17:23:42 host=smtp.sendgrid.net tls=on auth=on user=inewswire from="Newswire Notifications" <notification@newswire.com> recipients=theskrypt@gmail.com mailsize=4579 smtpstatus=250 smtpmsg='250 Ok: queued as SCKbrEcxT6KBY36f5nWG8g' exitcode=EX_OK
Feb 01 17:51:32 host=smtp.sendgrid.net tls=on auth=on user=inewswire from="Newswire Notifications" <notification@newswire.com> recipients=theskrypt@gmail.com mailsize=4579 smtpstatus=250 smtpmsg='250 Ok: queued as gtlMsMLSRy-b0X4K7Tu2fQ' exitcode=EX_OK
Feb 01 18:04:51 host=smtp.sendgrid.net tls=on auth=on user=inewswire from="Newswire Notifications" <notification@newswire.com> recipients=theskrypt@gmail.com mailsize=526 smtpstatus=250 smtpmsg='250 Ok: queued as xsutTXALTXOFxEf2kHkXPA' exitcode=EX_OK
Feb 01 18:14:15 host=smtp.sendgrid.net tls=on auth=on user=inewswire from="Newswire Notifications" <notification@newswire.com> recipients=theskrypt@gmail.com mailsize=513 smtpstatus=250 smtpmsg='250 Ok: queued as qoT974EdQYyLbcY3u8fmDg' exitcode=EX_OK
Feb 01 18:25:37 host=smtp.sendgrid.net tls=on auth=on user=inewswire from="Newswire Notifications" <notification@newswire.com> recipients=theskrypt@gmail.com mailsize=513 smtpstatus=250 smtpmsg='250 Ok: queued as H5Tj2_ulSqaTvYPX8WRcyQ' exitcode=EX_OK
Feb 01 18:31:35 host=smtp.sendgrid.net tls=on auth=on user=inewswire from="Newswire Notifications" <notification@newswire.com> recipients=theskrypt@gmail.com mailsize=4579 smtpstatus=250 smtpmsg='250 Ok: queued as NRUEJw9pQ7SkjW8Q82oqNQ' exitcode=EX_OK
Feb 03 15:28:30 host=smtp.sendgrid.net tls=on auth=on user=inewswire from="Newswire Notifications" <notification@newswire.com> recipients=theskrypt@gmail.com mailsize=4579 smtpstatus=250 smtpmsg='250 Ok: queued as bFCnFKdzQEKUlNpqTUJ6Zw' exitcode=EX_OK
Feb 03 15:28:57 host=smtp.sendgrid.net tls=on auth=on user=inewswire from="Newswire Notifications" <notification@newswire.com> recipients=theskrypt@gmail.com mailsize=4579 smtpstatus=250 smtpmsg='250 Ok: queued as 7IKHl2oQS0ahatu9aVhiPQ' exitcode=EX_OK
Feb 03 15:29:10 host=smtp.sendgrid.net tls=on auth=on user=inewswire from="Newswire Notifications" <notification@newswire.com> recipients=theskrypt@gmail.com mailsize=4565 smtpstatus=250 smtpmsg='250 Ok: queued as bHnGxE5hT-e9pfCPWjz5Dg' exitcode=EX_OK
Feb 03 15:35:55 host=smtp.sendgrid.net tls=on auth=on user=inewswire from="Newswire Notifications" <notification@newswire.com> recipients=theskrypt@gmail.com mailsize=4579 smtpstatus=250 smtpmsg='250 Ok: queued as OVdqDRAuReaLM-P7TuWMCQ' exitcode=EX_OK
Mar 11 15:53:16 host=smtp.sendgrid.net tls=on auth=on user=inewswire from="Newswire Media Outreach" <outreach@newswire.com> recipients=theskrypt@gmail.com mailsize=637 smtpstatus=250 smtpmsg='250 Ok: queued as DxIK082RQfKtmaq09WOFXA' exitcode=EX_OK
Mar 11 16:15:06 host=smtp.sendgrid.net tls=on auth=on user=inewswire from="Newswire Media Outreach" <outreach@newswire.com> recipients=theskrypt@gmail.com mailsize=1265 smtpstatus=250 smtpmsg='250 Ok: queued as caxnYC46QhqwEbi0enT8Jw' exitcode=EX_OK
Mar 17 21:52:32 host=smtp.sendgrid.net tls=on auth=on user=inewswire from="Newswire Notifications" <notification@newswire.com> recipients=briangolatka@gmail.com mailsize=17522 smtpstatus=250 smtpmsg='250 Ok: queued as 7nBUxqLaR1GMytqASVywTg' exitcode=EX_OK
